<?xml version="1.0" encoding="UTF-8"?>
<testsuite xmlns:xsi="http://www.w3.org/2001/XMLSchema-instance" xsi:noNamespaceSchemaLocation="https://maven.apache.org/surefire/maven-surefire-plugin/xsd/surefire-test-report-3.0.xsd" version="3.0" name="TestSuite" time="13.581" tests="8" errors="0" skipped="0" failures="0">
  <properties>
[...]
</properties>
  <testcase name="test_createUser" classname="day_8.CreateUser" time="4.816"/>
  <testcase name="test_createUser" classname="day_8.CreateUser" time="0.783"/>
  <testcase name="test_getUser" classname="day_8.GetUser" time="1.358"/>
  <testcase name="test_getUser" classname="day_8.GetUser" time="1.206"/>
  <testcase name="test_getUser" classname="day_8.UpdateUser" time="1.259"/>
  <testcase name="test_getUser" classname="day_8.UpdateUser" time="0.836"/>
  <testcase name="test_deleteUser" classname="day_8.DeleteUser" time="0.736"/>
  <testcase name="test_deleteUser" classname="day_8.DeleteUser" time="0.691"/>
</testsuite>