<?xml version="1.0" encoding="UTF-8"?>
<!-- Generated by org.testng.reporters.JUnitXMLReporter -->
<testsuite ignored="0" hostname="DESKTOP-BBPOKP5" failures="0" tests="4" name="Test 1" time="8.252" errors="0" timestamp="2023-08-04T12:01:51 EDT">
  <testcase classname="day_8.CreateUser" name="test_createUser" time="4.817"/>
  <testcase classname="day_8.GetUser" name="test_getUser" time="1.358"/>
  <testcase classname="day_8.UpdateUser" name="test_getUser" time="1.258"/>
  <testcase classname="day_8.DeleteUser" name="test_deleteUser" time="0.736"/>
</testsuite> <!-- Test 1 -->
